Mem:          7733       3409       4323          0         13       2533
Mem:          7733       3410       4323          0         13       2533
Mem:          7733       3410       4323          0         13       2533
Mem:          7733       3410       4323          0         13       2533
Mem:          7733       3408       4325          0         13       2533
Mem:          7733       3409       4324          0         13       2533
Mem:          7733       3408       4325          0         13       2533
Mem:          7733       3409       4324          0         13       2533
Mem:          7733       3503       4229          0         13       2533
Mem:          7733       3562       4171          0         13       2533
Mem:          7733       3628       4104          0         13       2533
Mem:          7733       3723       4010          0         13       2534
Mem:          7733       3946       3786          0         13       2534
Mem:          7733       4183       3550          0         13       2534
Mem:          7733       3977       3756          0         13       2534
Mem:          7733       4537       3195          0         13       2534
Mem:          7733       4608       3125          0         13       2534
Mem:          7733       4649       3084          0         13       2534
Mem:          7733       4708       3025          0         13       2534
Mem:          7733       4681       3052          0         13       2534
Mem:          7733       4693       3040          0         13       2534
Mem:          7733       4762       2971          0         13       2534
Mem:          7733       4686       3047          0         13       2534
Mem:          7733       4738       2994          0         13       2534
Mem:          7733       4696       3037          0         13       2534
Mem:          7733       4707       3026          0         13       2534
Mem:          7733       4775       2957          0         13       2534
Mem:          7733       4700       3032          0         13       2534
Mem:          7733       4746       2987          0         13       2534
Mem:          7733       4701       3032          0         13       2534
Mem:          7733       4721       3012          0         13       2534
Mem:          7733       4791       2942          0         13       2534
Mem:          7733       4708       3025          0         13       2534
Mem:          7733       4760       2973          0         13       2534
Mem:          7733       4713       3020          0         13       2534
Mem:          7733       4735       2997          0         13       2534
Mem:          7733       4840       2893          0         13       2534
Mem:          7733       4714       3019          0         13       2534
Mem:          7733       4778       2955          0         13       2534
Mem:          7733       4714       3019          0         13       2534
Mem:          7733       4747       2986          0         13       2534
Mem:          7733       4714       3019          0         13       2534
Mem:          7733       4714       3019          0         13       2534
Mem:          7733       4790       2943          0         13       2534
Mem:          7733       4714       3019          0         13       2534
Mem:          7733       4761       2971          0         13       2534
Mem:          7733       4714       3019          0         13       2534
Mem:          7733       4732       3000          0         13       2534
Mem:          7733       4800       2933          0         13       2534
Mem:          7733       4714       3019          0         13       2534
Mem:          7733       4770       2962          0         13       2534
Mem:          7733       4714       3018          0         13       2534
Mem:          7733       4740       2993          0         13       2534
Mem:          7733       4917       2816          0         13       2534
Mem:          7733       4714       3018          0         13       2534
Mem:          7733       4780       2953          0         13       2534
Mem:          7733       4714       3018          0         13       2534
Mem:          7733       4748       2985          0         13       2534
Mem:          7733       4715       3018          0         13       2534
Mem:          7733       4714       3018          0         13       2534
Mem:          7733       4788       2945          0         13       2534
Mem:          7733       4715       3018          0         13       2534
Mem:          7733       4757       2976          0         13       2534
Mem:          7733       4715       3018          0         13       2534
Mem:          7733       4727       3006          0         13       2534
Mem:          7733       4797       2936          0         13       2534
Mem:          7733       4715       3018          0         13       2534
Mem:          7733       4765       2968          0         13       2534
Mem:          7733       4715       3018          0         13       2534
Mem:          7733       4733       3000          0         13       2534
Mem:          7733       4801       2932          0         13       2534
Mem:          7733       4715       3018          0         13       2534
Mem:          7733       4772       2961          0         13       2534
Mem:          7733       4715       3018          0         13       2534
Mem:          7733       4744       2989          0         13       2534
Mem:          7733       4973       2759          0         13       2534
Mem:          7733       4715       3018          0         13       2534
Mem:          7733       4784       2948          0         14       2534
Mem:          7733       4715       3017          0         14       2534
Mem:          7733       4712       3021          0         14       2534
Mem:          7733       4686       3047          0         14       2534
Mem:          7733       4710       3022          0         14       2534
Mem:          7733       4779       2953          0         14       2534
Mem:          7733       4704       3029          0         14       2534
Mem:          7733       4748       2984          0         14       2534
Mem:          7733       4710       3023          0         14       2534
Mem:          7733       4722       3010          0         14       2534
Mem:          7733       4792       2941          0         14       2534
Mem:          7733       4712       3021          0         14       2534
Mem:          7733       5055       2678          0         14       2534
Mem:          7733       4835       2898          0         14       2534
Mem:          7733       5385       2348          0         14       2534
Mem:          7733       5174       2559          0         14       2534
Mem:          7733       4749       2984          0         14       2534
Mem:          7733       4712       3021          0         14       2534
Mem:          7733       4715       3017          0         14       2534
Mem:          7733       4788       2945          0         14       2534
Mem:          7733       4712       3021          0         14       2534
Mem:          7733       4757       2976          0         14       2534
Mem:          7733       4712       3021          0         14       2534
Mem:          7733       4726       3007          0         14       2534
Mem:          7733       4797       2936          0         14       2534
Mem:          7733       4717       3016          0         14       2534
Mem:          7733       4772       2960          0         14       2534
Mem:          7733       4717       3016          0         14       2534
Mem:          7733       4743       2989          0         14       2534
Mem:          7733       4969       2764          0         14       2534
Mem:          7733       4729       3004          0         14       2534
Mem:          7733       4798       2935          0         14       2534
Mem:          7733       4730       3003          0         14       2534
Mem:          7733       4767       2965          0         14       2534
Mem:          7733       4730       3003          0         14       2534
Mem:          7733       4738       2994          0         14       2534
Mem:          7733       4809       2923          0         14       2534
Mem:          7733       4730       3003          0         14       2534
Mem:          7733       4779       2954          0         14       2534
Mem:          7733       4730       3003          0         14       2534
Mem:          7733       4749       2984          0         14       2534
Mem:          7733       4816       2917          0         14       2534
Mem:          7733       4730       3003          0         14       2534
Mem:          7733       4788       2945          0         14       2534
Mem:          7733       4676       3057          0         14       2534
Mem:          7733       4723       3009          0         14       2534
Mem:          7733       4953       2779          0         14       2534
Mem:          7733       4716       3016          0         14       2534
Mem:          7733       4785       2947          0         14       2534
Mem:          7733       4717       3016          0         14       2534
Mem:          7733       4755       2977          0         14       2534
Mem:          7733       4717       3016          0         14       2534
Mem:          7733       4725       3007          0         14       2534
Mem:          7733       4796       2937          0         14       2534
Mem:          7733       4718       3014          0         14       2534
Mem:          7733       4766       2967          0         14       2534
Mem:          7733       4718       3014          0         14       2534
Mem:          7733       4735       2997          0         14       2534
Mem:          7733       4804       2929          0         14       2534
Mem:          7733       4718       3014          0         14       2534
Mem:          7733       4776       2957          0         14       2534
Mem:          7733       4718       3014          0         14       2534
Mem:          7733       4745       2988          0         14       2534
Mem:          7733       4932       2800          0         14       2534
Mem:          7733       4718       3014          0         14       2534
Mem:          7733       4785       2948          0         14       2534
Mem:          7733       4719       3014          0         14       2534
Mem:          7733       4710       3023          0         14       2534
Mem:          7733       4685       3048          0         14       2534
Mem:          7733       4706       3027          0         14       2534
Mem:          7733       4781       2952          0         14       2534
Mem:          7733       4706       3026          0         14       2534
Mem:          7733       4751       2981          0         14       2534
Mem:          7733       4713       3020          0         14       2534
Mem:          7733       4729       3004          0         14       2534
Mem:          7733       4800       2933          0         14       2534
Mem:          7733       4714       3019          0         14       2534
Mem:          7733       4772       2961          0         14       2534
Mem:          7733       4714       3019          0         14       2534
Mem:          7733       4742       2991          0         14       2534
Mem:          7733       4972       2760          0         14       2534
Mem:          7733       4714       3018          0         14       2534
Mem:          7733       4783       2949          0         14       2534
Mem:          7733       4715       3018          0         14       2534
Mem:          7733       4755       2978          0         14       2534
Mem:          7733       4718       3014          0         14       2534
Mem:          7733       4732       3001          0         14       2534
Mem:          7733       4803       2930          0         14       2534
Mem:          7733       4720       3013          0         14       2534
Mem:          7733       5091       2642          0         14       2534
Mem:          7733       4876       2857          0         14       2534
Mem:          7733       5428       2304          0         14       2534
Mem:          7733       5214       2518          0         14       2534
Mem:          7733       4761       2972          0         14       2534
Mem:          7733       4728       3005          0         14       2534
Mem:          7733       4742       2991          0         14       2534
Mem:          7733       4811       2921          0         14       2534
Mem:          7733       4732       3001          0         14       2534
Mem:          7733       4780       2952          0         14       2534
Mem:          7733       4732       3001          0         14       2534
Mem:          7733       4749       2983          0         14       2534
Mem:          7733       4817       2915          0         14       2534
Mem:          7733       4732       3001          0         14       2534
Mem:          7733       4789       2943          0         14       2534
Mem:          7733       4732       3001          0         14       2534
Mem:          7733       4760       2972          0         14       2534
Mem:          7733       4990       2742          0         14       2534
Mem:          7733       4732       3000          0         14       2534
Mem:          7733       4802       2931          0         14       2534
Mem:          7733       4678       3055          0         14       2534
Mem:          7733       4736       2997          0         14       2534
Mem:          7733       4710       3022          0         14       2534
Mem:          7733       4726       3006          0         14       2534
Mem:          7733       4797       2936          0         14       2534
Mem:          7733       4719       3014          0         14       2534
Mem:          7733       4767       2966          0         14       2534
Mem:          7733       4720       3013          0         14       2534
Mem:          7733       4737       2995          0         14       2534
Mem:          7733       4806       2927          0         14       2534
Mem:          7733       4720       3012          0         14       2534
Mem:          7733       4777       2956          0         14       2534
Mem:          7733       4721       3012          0         14       2534
Mem:          7733       4745       2987          0         14       2534
Mem:          7733       4885       2848          0         14       2534
Mem:          7733       4721       3012          0         14       2534
Mem:          7733       4785       2948          0         14       2534
Mem:          7733       4721       3012          0         14       2534
Mem:          7733       4755       2977          0         14       2534
Mem:          7733       4721       3012          0         14       2534
Mem:          7733       4724       3008          0         14       2534
Mem:          7733       4797       2935          0         14       2534
Mem:          7733       4721       3012          0         14       2534
Mem:          7733       4724       3009          0         14       2534
Mem:          7733       4698       3035          0         14       2534
Mem:          7733       4725       3008          0         14       2534
Mem:          7733       4795       2938          0         14       2534
Mem:          7733       4709       3024          0         14       2534
Mem:          7733       4766       2966          0         14       2534
Mem:          7733       4716       3017          0         14       2534
Mem:          7733       4744       2989          0         14       2534
Mem:          7733       4957       2776          0         14       2534
Mem:          7733       4716       3017          0         14       2534
Mem:          7733       4783       2949          0         14       2534
Mem:          7733       4716       3016          0         14       2534
Mem:          7733       4752       2981          0         14       2534
Mem:          7733       4716       3016          0         14       2534
Mem:          7733       4716       3016          0         14       2534
Mem:          7733       4793       2939          0         14       2534
Mem:          7733       4716       3016          0         14       2534
Mem:          7733       4763       2970          0         14       2534
Mem:          7733       4721       3012          0         14       2534
Mem:          7733       4736       2997          0         14       2534
Mem:          7733       4807       2926          0         14       2534
Mem:          7733       4721       3011          0         14       2534
Mem:          7733       4776       2956          0         14       2534
Mem:          7733       4733       2999          0         14       2534
Mem:          7733       4757       2976          0         14       2534
Mem:          7733       4875       2858          0         14       2534
Mem:          7733       4734       2999          0         14       2534
Mem:          7733       4798       2935          0         14       2534
Mem:          7733       4734       2999          0         14       2534
Mem:          7733       4768       2965          0         14       2534
Mem:          7733       4734       2999          0         14       2534
Mem:          7733       4734       2998          0         14       2534
Mem:          7733       4808       2924          0         14       2534
Mem:          7733       4734       2998          0         14       2534
Mem:          7733       5041       2692          0         14       2534
Mem:          7733       3666       4066          0         14       2534
Mem:          7733       3409       4323          0         14       2534
Mem:          7733       3409       4323          0         14       2534
Mem:          7733       3409       4324          0         14       2534
Mem:          7733       3407       4325          0         14       2534
Mem:          7733       3407       4326          0         14       2534
Mem:          7733       3407       4326          0         14       2534
Mem:          7733       3407       4325          0         14       2534
Mem:          7733       3407       4325          0         14       2534
Mem:          7733       3407       4325          0         14       2534
Mem:          7733       3407       4325          0         14       2534
Mem:          7733       3407       4325          0         14       2534
Mem:          7733       3407       4325          0         14       2534
Mem:          7733       3407       4326          0         14       2534
Mem:          7733       3407       4325          0         14       2534
Mem:          7733       3407       4325          0         14       2534
Mem:          7733       3407       4325          0         14       2534
Mem:          7733       3407       4325          0         14       2534
Mem:          7733       3407       4325          0         14       2534
Mem:          7733       3407       4325          0         14       2534
Mem:          7733       3407       4325          0         14       2534
Mem:          7733       3407       4325          0         14       2534
Mem:          7733       3407       4325          0         14       2534
Mem:          7733       3407       4325          0         14       2534
Mem:          7733       3407       4325          0         14       2534
Mem:          7733       3407       4325          0         14       2534
Mem:          7733       3407       4325          0         14       2534
Mem:          7733       3407       4325          0         14       2534
Mem:          7733       3407       4325          0         14       2534
Mem:          7733       3407       4326          0         14       2534
Mem:          7733       3407       4326          0         14       2534
Mem:          7733       3407       4326          0         14       2534
Mem:          7733       3407       4326          0         14       2534
Mem:          7733       3407       4326          0         14       2534
Mem:          7733       3407       4325          0         14       2534
Mem:          7733       3407       4325          0         14       2534
Mem:          7733       3407       4326          0         14       2534
Mem:          7733       3407       4325          0         14       2534
Mem:          7733       3407       4325          0         14       2534
Mem:          7733       3407       4325          0         14       2534
Mem:          7733       3407       4325          0         14       2534
Mem:          7733       3407       4325          0         14       2534
Mem:          7733       3407       4325          0         14       2534
Mem:          7733       3407       4325          0         14       2534
Mem:          7733       3407       4325          0         14       2534
Mem:          7733       3407       4325          0         14       2534
Mem:          7733       3407       4325          0         14       2534
Mem:          7733       3407       4325          0         14       2534
Mem:          7733       3407       4325          0         14       2534
Mem:          7733       3407       4325          0         14       2534
Mem:          7733       3407       4325          0         14       2534
Mem:          7733       3407       4325          0         14       2534
Mem:          7733       3407       4325          0         14       2534
Mem:          7733       3407       4325          0         14       2534
Mem:          7733       3407       4325          0         14       2534
Mem:          7733       3407       4325          0         14       2534
Mem:          7733       3407       4325          0         14       2534
Mem:          7733       3407       4325          0         14       2534
Mem:          7733       3407       4325          0         14       2534
Mem:          7733       3407       4325          0         14       2534
Mem:          7733       3407       4325          0         14       2534
Mem:          7733       3407       4325          0         14       2534
Mem:          7733       3407       4325          0         14       2534
Mem:          7733       3407       4325          0         14       2534
Mem:          7733       3407       4325          0         14       2534
Mem:          7733       3407       4325          0         14       2534
Mem:          7733       3407       4325          0         14       2534
Mem:          7733       3407       4325          0         14       2534
Mem:          7733       3407       4325          0         14       2534
Mem:          7733       3407       4325          0         14       2534
Mem:          7733       3407       4325          0         14       2534
Mem:          7733       3407       4325          0         14       2534
Mem:          7733       3407       4325          0         14       2534
Mem:          7733       3407       4325          0         14       2534
Mem:          7733       3407       4325          0         14       2534
Mem:          7733       3407       4325          0         14       2534
Mem:          7733       3407       4325          0         14       2534
Mem:          7733       3407       4325          0         14       2534
Mem:          7733       3407       4325          0         14       2534
Mem:          7733       3407       4325          0         14       2534
Mem:          7733       3407       4325          0         14       2534
Mem:          7733       3407       4325          0         14       2534
Mem:          7733       3407       4325          0         14       2534
Mem:          7733       3407       4325          0         14       2534
Mem:          7733       3407       4325          0         14       2534
Mem:          7733       3407       4325          0         14       2534
Mem:          7733       3407       4325          0         14       2534
Mem:          7733       3407       4325          0         14       2534
Mem:          7733       3407       4325          0         14       2534
Mem:          7733       3407       4325          0         14       2534
Mem:          7733       3407       4325          0         14       2534
Mem:          7733       3407       4325          0         14       2534
Mem:          7733       3407       4325          0         14       2534
Mem:          7733       3407       4325          0         14       2534
Mem:          7733       3408       4325          0         14       2534
Mem:          7733       3408       4325          0         14       2534
Mem:          7733       3408       4325          0         14       2534
Mem:          7733       3407       4325          0         14       2534
Mem:          7733       3407       4325          0         14       2534
Mem:          7733       3407       4325          0         14       2534
Mem:          7733       3407       4325          0         14       2534
Mem:          7733       3407       4325          0         14       2534
Mem:          7733       3407       4325          0         14       2534
Mem:          7733       3407       4325          0         14       2534
Mem:          7733       3407       4325          0         14       2534
Mem:          7733       3407       4325          0         14       2534
Mem:          7733       3407       4325          0         14       2534
Mem:          7733       3407       4325          0         14       2534
Mem:          7733       3408       4325          0         14       2534
Mem:          7733       3408       4325          0         14       2534
Mem:          7733       3408       4325          0         14       2534
Mem:          7733       3408       4325          0         14       2534
Mem:          7733       3408       4325          0         14       2534
Mem:          7733       3407       4325          0         14       2534
Mem:          7733       3408       4325          0         14       2534
Mem:          7733       3407       4325          0         14       2534
Mem:          7733       3407       4325          0         14       2534
Mem:          7733       3407       4325          0         14       2534
Mem:          7733       3408       4325          0         14       2534
Mem:          7733       3408       4325          0         14       2534
Mem:          7733       3407       4325          0         14       2534
Mem:          7733       3407       4325          0         14       2534
Mem:          7733       3407       4325          0         14       2534
Mem:          7733       3407       4325          0         14       2534
Mem:          7733       3407       4325          0         14       2534
Mem:          7733       3407       4325          0         14       2534
Mem:          7733       3407       4325          0         14       2534
Mem:          7733       3407       4325          0         14       2534
Mem:          7733       3407       4326          0         14       2534
Mem:          7733       3407       4325          0         14       2534
Mem:          7733       3407       4325          0         14       2534
Mem:          7733       3407       4325          0         14       2534
Mem:          7733       3407       4325          0         14       2534
Mem:          7733       3407       4325          0         14       2534
Mem:          7733       3407       4325          0         14       2534
Mem:          7733       3407       4325          0         14       2534
Mem:          7733       3407       4325          0         14       2534
Mem:          7733       3407       4325          0         14       2534
Mem:          7733       3407       4325          0         14       2534
Mem:          7733       3407       4325          0         14       2534
Mem:          7733       3407       4325          0         14       2534
Mem:          7733       3407       4325          0         14       2534
Mem:          7733       3407       4325          0         14       2534
Mem:          7733       3407       4325          0         14       2534
Mem:          7733       3407       4325          0         14       2534
Mem:          7733       3407       4325          0         14       2534
Mem:          7733       3407       4325          0         14       2534
Mem:          7733       3407       4325          0         14       2534
Mem:          7733       3407       4325          0         14       2534
Mem:          7733       3407       4325          0         14       2534
Mem:          7733       3407       4325          0         14       2534
Mem:          7733       3407       4325          0         14       2534
Mem:          7733       3407       4325          0         14       2534
Mem:          7733       3407       4325          0         14       2534
Mem:          7733       3407       4325          0         14       2534
Mem:          7733       3407       4325          0         14       2534
Mem:          7733       3407       4325          0         14       2534
Mem:          7733       3407       4325          0         14       2534
Mem:          7733       3407       4325          0         14       2534
Mem:          7733       3407       4325          0         14       2534
Mem:          7733       3407       4325          0         14       2534
Mem:          7733       3407       4325          0         14       2534
Mem:          7733       3407       4325          0         14       2534
Mem:          7733       3407       4325          0         14       2534
Mem:          7733       3407       4325          0         14       2534
Mem:          7733       3408       4325          0         14       2534
Mem:          7733       3408       4325          0         14       2534
Mem:          7733       3408       4325          0         14       2534
Mem:          7733       3408       4325          0         14       2534
Mem:          7733       3407       4325          0         14       2534
Mem:          7733       3408       4325          0         14       2534
Mem:          7733       3408       4325          0         14       2534
Mem:          7733       3408       4325          0         14       2534
Mem:          7733       3408       4325          0         14       2534
Mem:          7733       3408       4325          0         14       2534
Mem:          7733       3407       4325          0         14       2534
Mem:          7733       3408       4325          0         14       2534
Mem:          7733       3408       4325          0         14       2534
Mem:          7733       3407       4325          0         14       2534
Mem:          7733       3407       4325          0         14       2534
Mem:          7733       3407       4325          0         14       2534
Mem:          7733       3407       4325          0         14       2534
Mem:          7733       3407       4325          0         14       2534
Mem:          7733       3407       4325          0         14       2534
Mem:          7733       3407       4325          0         14       2534
Mem:          7733       3407       4325          0         14       2534
Mem:          7733       3407       4325          0         14       2534
Mem:          7733       3407       4325          0         14       2534
Mem:          7733       3407       4325          0         14       2534
Mem:          7733       3407       4325          0         14       2534
Mem:          7733       3407       4325          0         14       2534
Mem:          7733       3407       4325          0         14       2534
Mem:          7733       3407       4325          0         14       2534
Mem:          7733       3407       4325          0         14       2534
Mem:          7733       3407       4325          0         14       2534
Mem:          7733       3407       4325          0         14       2534
Mem:          7733       3407       4325          0         14       2534
Mem:          7733       3407       4325          0         14       2534
Mem:          7733       3407       4325          0         14       2534
Mem:          7733       3407       4325          0         14       2534
Mem:          7733       3407       4325          0         14       2534
Mem:          7733       3407       4325          0         14       2534
Mem:          7733       3407       4325          0         14       2534
Mem:          7733       3408       4325          0         14       2534
Mem:          7733       3407       4325          0         14       2534
Mem:          7733       3407       4325          0         14       2534
Mem:          7733       3407       4325          0         14       2534
Mem:          7733       3407       4325          0         14       2534
Mem:          7733       3407       4325          0         14       2534
Mem:          7733       3407       4325          0         14       2534
Mem:          7733       3407       4325          0         14       2534
Mem:          7733       3407       4325          0         14       2534
Mem:          7733       3407       4325          0         14       2534
Mem:          7733       3407       4325          0         14       2534
Mem:          7733       3407       4325          0         14       2534
Mem:          7733       3408       4325          0         14       2534
Mem:          7733       3408       4325          0         14       2534
Mem:          7733       3408       4325          0         14       2534
Mem:          7733       3408       4325          0         14       2534
Mem:          7733       3408       4325          0         14       2534
Mem:          7733       3408       4325          0         14       2534
Mem:          7733       3408       4325          0         14       2534
Mem:          7733       3408       4325          0         14       2534
Mem:          7733       3408       4325          0         14       2534
Mem:          7733       3408       4325          0         14       2534
Mem:          7733       3408       4325          0         14       2534
Mem:          7733       3408       4325          0         14       2534
Mem:          7733       3408       4325          0         14       2534
Mem:          7733       3408       4325          0         14       2534
Mem:          7733       3408       4325          0         14       2534
Mem:          7733       3408       4325          0         14       2534
Mem:          7733       3408       4325          0         14       2534
Mem:          7733       3408       4325          0         14       2534
Mem:          7733       3408       4325          0         14       2534
Mem:          7733       3408       4325          0         14       2534
Mem:          7733       3408       4325          0         14       2534
Mem:          7733       3408       4325          0         14       2534
Mem:          7733       3408       4325          0         14       2534
Mem:          7733       3408       4325          0         14       2534
Mem:          7733       3408       4325          0         14       2534
Mem:          7733       3408       4325          0         14       2534
Mem:          7733       3408       4325          0         14       2534
Mem:          7733       3408       4325          0         14       2534
Mem:          7733       3408       4325          0         14       2534
Mem:          7733       3408       4325          0         14       2534
Mem:          7733       3408       4325          0         14       2534
Mem:          7733       3408       4325          0         14       2534
Mem:          7733       3408       4325          0         14       2534
Mem:          7733       3408       4325          0         14       2534
Mem:          7733       3408       4325          0         14       2534
Mem:          7733       3408       4325          0         14       2534
Mem:          7733       3408       4325          0         14       2534
