Mem:          7733       3409       4324          0         13       2533
Mem:          7733       3409       4324          0         13       2533
Mem:          7733       3409       4324          0         13       2533
Mem:          7733       3407       4326          0         13       2533
Mem:          7733       3407       4326          0         13       2533
Mem:          7733       3407       4326          0         13       2533
Mem:          7733       3407       4326          0         13       2533
Mem:          7733       3407       4326          0         13       2533
Mem:          7733       3407       4325          0         13       2533
Mem:          7733       3408       4325          0         13       2533
Mem:          7733       3407       4326          0         13       2533
Mem:          7733       3407       4326          0         13       2533
Mem:          7733       3415       4318          0         13       2533
Mem:          7733       3528       4204          0         13       2533
Mem:          7733       3748       3985          0         13       2533
Mem:          7733       3795       3938          0         13       2533
Mem:          7733       4352       3381          0         13       2533
Mem:          7733       4137       3595          0         13       2533
Mem:          7733       4424       3308          0         13       2533
Mem:          7733       4483       3249          0         13       2533
Mem:          7733       4525       3207          0         13       2533
Mem:          7733       4595       3137          0         13       2533
Mem:          7733       4523       3210          0         13       2533
Mem:          7733       4582       3151          0         13       2533
Mem:          7733       4554       3179          0         13       2533
Mem:          7733       4560       3172          0         13       2533
Mem:          7733       4629       3104          0         13       2533
Mem:          7733       4543       3190          0         13       2533
Mem:          7733       4600       3132          0         13       2533
Mem:          7733       4547       3186          0         13       2533
Mem:          7733       4574       3158          0         13       2533
Mem:          7733       4790       2943          0         13       2533
Mem:          7733       4554       3179          0         13       2533
Mem:          7733       4621       3111          0         13       2533
Mem:          7733       4554       3179          0         13       2533
Mem:          7733       4591       3142          0         13       2533
Mem:          7733       4557       3175          0         13       2533
Mem:          7733       4560       3173          0         13       2533
Mem:          7733       4637       3096          0         13       2533
Mem:          7733       4560       3172          0         13       2533
Mem:          7733       4604       3128          0         13       2533
Mem:          7733       4560       3173          0         13       2533
Mem:          7733       4572       3161          0         13       2533
Mem:          7733       4642       3091          0         13       2533
Mem:          7733       4560       3173          0         13       2533
Mem:          7733       4612       3121          0         13       2533
Mem:          7733       4560       3173          0         13       2533
Mem:          7733       4581       3152          0         13       2533
Mem:          7733       4646       3087          0         13       2533
Mem:          7733       4560       3173          0         13       2533
Mem:          7733       4619       3113          0         13       2533
Mem:          7733       4560       3173          0         13       2533
Mem:          7733       4588       3145          0         13       2533
Mem:          7733       4799       2933          0         13       2533
Mem:          7733       4560       3173          0         13       2533
Mem:          7733       4627       3106          0         13       2533
Mem:          7733       4560       3172          0         13       2533
Mem:          7733       4593       3140          0         13       2533
Mem:          7733       4560       3172          0         13       2533
Mem:          7733       4560       3172          0         13       2533
Mem:          7733       4631       3102          0         13       2533
Mem:          7733       4560       3172          0         13       2533
Mem:          7733       4600       3133          0         13       2533
Mem:          7733       4560       3172          0         13       2533
Mem:          7733       4568       3165          0         13       2533
Mem:          7733       4639       3094          0         13       2533
Mem:          7733       4560       3172          0         13       2533
Mem:          7733       4607       3126          0         13       2533
Mem:          7733       4560       3173          0         13       2533
Mem:          7733       4575       3158          0         13       2533
Mem:          7733       4644       3088          0         13       2533
Mem:          7733       4560       3172          0         13       2533
Mem:          7733       4612       3120          0         13       2533
Mem:          7733       4560       3172          0         13       2533
Mem:          7733       4581       3152          0         13       2533
Mem:          7733       4646       3087          0         13       2533
Mem:          7733       4560       3172          0         13       2533
Mem:          7733       4619       3114          0         13       2533
Mem:          7733       4560       3172          0         13       2533
Mem:          7733       4587       3145          0         13       2533
Mem:          7733       4801       2931          0         13       2533
Mem:          7733       4560       3172          0         13       2533
Mem:          7733       4583       3150          0         13       2533
Mem:          7733       4538       3194          0         13       2533
Mem:          7733       4583       3150          0         13       2533
Mem:          7733       4549       3184          0         13       2533
Mem:          7733       4549       3184          0         13       2533
Mem:          7733       4622       3111          0         13       2533
Mem:          7733       4555       3177          0         13       2533
Mem:          7733       4596       3136          0         13       2533
Mem:          7733       4556       3177          0         13       2533
Mem:          7733       4580       3153          0         13       2533
Mem:          7733       5132       2600          0         13       2533
Mem:          7733       4924       2809          0         13       2533
Mem:          7733       4716       3017          0         13       2533
Mem:          7733       5276       2457          0         13       2533
Mem:          7733       4627       3106          0         13       2533
Mem:          7733       4556       3177          0         13       2533
Mem:          7733       4595       3138          0         13       2533
Mem:          7733       4556       3177          0         13       2533
Mem:          7733       4562       3170          0         13       2533
Mem:          7733       4632       3101          0         13       2533
Mem:          7733       4556       3177          0         13       2533
Mem:          7733       4598       3134          0         13       2533
Mem:          7733       4559       3173          0         13       2533
Mem:          7733       4571       3161          0         13       2533
Mem:          7733       4641       3092          0         13       2533
Mem:          7733       4561       3172          0         13       2533
Mem:          7733       4609       3124          0         13       2533
Mem:          7733       4572       3160          0         13       2533
Mem:          7733       4589       3144          0         13       2533
Mem:          7733       4658       3074          0         13       2533
Mem:          7733       4573       3160          0         13       2533
Mem:          7733       4627       3106          0         13       2533
Mem:          7733       4573       3160          0         13       2533
Mem:          7733       4595       3137          0         13       2533
Mem:          7733       4660       3073          0         13       2533
Mem:          7733       4573       3160          0         13       2533
Mem:          7733       4633       3099          0         13       2533
Mem:          7733       4573       3160          0         13       2533
Mem:          7733       4601       3132          0         13       2533
Mem:          7733       4821       2911          0         13       2533
Mem:          7733       4573       3160          0         13       2533
Mem:          7733       4638       3094          0         13       2533
Mem:          7733       4518       3214          0         13       2533
Mem:          7733       4571       3162          0         13       2533
Mem:          7733       4547       3186          0         13       2533
Mem:          7733       4559       3174          0         13       2533
Mem:          7733       4633       3100          0         13       2533
Mem:          7733       4559       3173          0         13       2533
Mem:          7733       4601       3132          0         13       2533
Mem:          7733       4560       3172          0         13       2533
Mem:          7733       4573       3160          0         13       2533
Mem:          7733       4644       3089          0         13       2533
Mem:          7733       4561       3172          0         13       2533
Mem:          7733       4615       3118          0         13       2533
Mem:          7733       4561       3172          0         13       2533
Mem:          7733       4583       3149          0         13       2533
Mem:          7733       4675       3058          0         13       2533
Mem:          7733       4561       3172          0         13       2533
Mem:          7733       4622       3110          0         13       2533
Mem:          7733       4561       3172          0         13       2533
Mem:          7733       4592       3140          0         13       2533
Mem:          7733       4561       3172          0         13       2533
Mem:          7733       4561       3172          0         13       2533
Mem:          7733       4633       3100          0         13       2533
Mem:          7733       4561       3172          0         13       2533
Mem:          7733       4557       3176          0         13       2533
Mem:          7733       4531       3202          0         13       2533
Mem:          7733       4555       3177          0         13       2533
Mem:          7733       4625       3107          0         13       2533
Mem:          7733       4549       3184          0         13       2533
Mem:          7733       4594       3139          0         13       2533
Mem:          7733       4555       3178          0         13       2533
Mem:          7733       4568       3165          0         13       2533
Mem:          7733       4638       3094          0         13       2533
Mem:          7733       4556       3177          0         13       2533
Mem:          7733       4606       3126          0         13       2533
Mem:          7733       4556       3177          0         13       2533
Mem:          7733       4574       3159          0         13       2533
Mem:          7733       4642       3091          0         13       2533
Mem:          7733       4556       3177          0         13       2533
Mem:          7733       4611       3121          0         13       2533
Mem:          7733       4556       3177          0         13       2533
Mem:          7733       4578       3154          0         13       2533
Mem:          7733       4648       3085          0         13       2533
Mem:          7733       4560       3172          0         13       2533
Mem:          7733       4620       3113          0         13       2533
Mem:          7733       4561       3172          0         13       2533
Mem:          7733       4723       3010          0         13       2533
Mem:          7733       5285       2448          0         13       2533
Mem:          7733       5066       2666          0         13       2533
Mem:          7733       4852       2881          0         13       2533
Mem:          7733       4576       3156          0         13       2533
Mem:          7733       4646       3087          0         13       2533
Mem:          7733       4573       3160          0         13       2533
Mem:          7733       4624       3108          0         13       2533
Mem:          7733       4573       3160          0         13       2533
Mem:          7733       4589       3143          0         13       2533
Mem:          7733       4659       3074          0         13       2533
Mem:          7733       4573       3159          0         13       2533
Mem:          7733       4627       3105          0         13       2533
Mem:          7733       4573       3159          0         13       2533
Mem:          7733       4596       3137          0         13       2533
Mem:          7733       4695       3038          0         13       2533
Mem:          7733       4573       3159          0         13       2533
Mem:          7733       4634       3099          0         13       2533
Mem:          7733       4573       3159          0         13       2533
Mem:          7733       4601       3131          0         13       2533
Mem:          7733       4831       2901          0         13       2533
Mem:          7733       4538       3195          0         13       2533
Mem:          7733       4604       3128          0         13       2533
Mem:          7733       4559       3173          0         13       2533
Mem:          7733       4593       3140          0         13       2533
Mem:          7733       4560       3173          0         13       2533
Mem:          7733       4560       3173          0         13       2533
Mem:          7733       4631       3101          0         13       2533
Mem:          7733       4561       3172          0         13       2533
Mem:          7733       4600       3132          0         13       2533
Mem:          7733       4561       3172          0         13       2533
Mem:          7733       4570       3163          0         13       2533
Mem:          7733       4641       3092          0         13       2533
Mem:          7733       4561       3172          0         13       2533
Mem:          7733       4610       3123          0         13       2533
Mem:          7733       4561       3172          0         13       2533
Mem:          7733       4578       3155          0         13       2533
Mem:          7733       4647       3086          0         13       2533
Mem:          7733       4561       3172          0         13       2533
Mem:          7733       4616       3116          0         13       2533
Mem:          7733       4561       3172          0         13       2533
Mem:          7733       4585       3147          0         13       2533
Mem:          7733       4733       2999          0         13       2533
Mem:          7733       4561       3171          0         13       2533
Mem:          7733       4583       3150          0         13       2533
Mem:          7733       4538       3194          0         13       2533
Mem:          7733       4582       3151          0         13       2533
Mem:          7733       4549       3184          0         13       2533
Mem:          7733       4549       3184          0         13       2533
Mem:          7733       4620       3112          0         13       2533
Mem:          7733       4556       3177          0         13       2533
Mem:          7733       4597       3136          0         13       2533
Mem:          7733       4556       3176          0         13       2533
Mem:          7733       4567       3166          0         13       2533
Mem:          7733       4637       3096          0         13       2533
Mem:          7733       4556       3176          0         13       2533
Mem:          7733       4605       3128          0         13       2533
Mem:          7733       4556       3176          0         13       2533
Mem:          7733       4572       3160          0         13       2533
Mem:          7733       4642       3091          0         13       2533
Mem:          7733       4556       3176          0         13       2533
Mem:          7733       4609       3123          0         13       2533
Mem:          7733       4561       3172          0         13       2533
Mem:          7733       4580       3152          0         13       2533
Mem:          7733       4647       3086          0         13       2533
Mem:          7733       4561       3171          0         13       2533
Mem:          7733       4616       3117          0         13       2533
Mem:          7733       4573       3160          0         13       2533
Mem:          7733       4596       3137          0         13       2533
Mem:          7733       4704       3028          0         13       2533
Mem:          7733       4573       3159          0         13       2533
Mem:          7733       4635       3098          0         13       2533
Mem:          7733       4574       3159          0         13       2533
Mem:          7733       4602       3130          0         13       2533
Mem:          7733       4661       3072          0         13       2533
Mem:          7733       4573       3159          0         13       2533
Mem:          7733       4642       3090          0         13       2533
Mem:          7733       4573       3159          0         13       2533
Mem:          7733       4823       2909          0         13       2533
Mem:          7733       3623       4110          0         13       2533
Mem:          7733       3409       4324          0         13       2533
Mem:          7733       3407       4325          0         13       2533
Mem:          7733       3408       4325          0         13       2533
Mem:          7733       3408       4325          0         13       2533
Mem:          7733       3407       4325          0         13       2533
Mem:          7733       3407       4325          0         13       2533
Mem:          7733       3407       4325          0         13       2533
Mem:          7733       3407       4325          0         13       2533
Mem:          7733       3407       4325          0         13       2533
Mem:          7733       3407       4325          0         13       2533
