Mem:          7733       7239        494          0          1       2993
Mem:          7733       2620       5113          0          2       1747
Mem:          7733       2621       5111          0          2       1747
Mem:          7733       2621       5112          0          2       1749
Mem:          7733       2622       5110          0          2       1749
Mem:          7733       2655       5078          0          2       1750
Mem:          7733       2737       4996          0          2       1753
Mem:          7733       2783       4950          0          2       1755
Mem:          7733       2852       4880          0          2       1755
Mem:          7733       2955       4778          0          2       1755
Mem:          7733       3179       4554          0          2       1755
Mem:          7733       3478       4255          0          2       1755
Mem:          7733       3260       4473          0          2       1755
Mem:          7733       3851       3882          0          2       1818
Mem:          7733       4285       3448          0          2       2008
Mem:          7733       5252       2481          0          2       2009
Mem:          7733       5983       1750          0          2       2009
Mem:          7733       5983       1749          0          2       2009
Mem:          7733       6001       1731          0          2       2009
Mem:          7733       6021       1711          0          2       2009
Mem:          7733       6021       1711          0          2       2009
Mem:          7733       6021       1711          0          2       2009
Mem:          7733       6023       1710          0          2       2009
Mem:          7733       6032       1701          0          2       2009
Mem:          7733       6311       1422          0          2       2262
Mem:          7733       6312       1421          0          2       2262
Mem:          7733       6345       1387          0          2       2259
Mem:          7733       6345       1388          0          2       2259
Mem:          7733       6344       1389          0          2       2259
Mem:          7733       6344       1389          0          2       2259
Mem:          7733       6344       1389          0          2       2259
Mem:          7733       6352       1380          0          2       2259
Mem:          7733       6586       1147          0          2       2448
Mem:          7733       6629       1103          0          2       2512
Mem:          7733       6663       1070          0          2       2512
Mem:          7733       6664       1069          0          2       2512
Mem:          7733       6664       1069          0          2       2512
Mem:          7733       6663       1069          0          2       2512
Mem:          7733       6663       1069          0          2       2512
Mem:          7733       6663       1069          0          2       2512
Mem:          7733       6663       1069          0          2       2512
Mem:          7733       7083        650          0          2       2512
Mem:          7733       6876        857          0          2       2512
Mem:          7733       6680       1053          0          2       2512
Mem:          7733       7225        508          0          2       2512
Mem:          7733       6936        797          0          2       2765
Mem:          7733       6979        754          0          2       2765
Mem:          7733       7013        720          0          2       2765
Mem:          7733       7014        719          0          2       2765
Mem:          7733       7014        719          0          2       2765
Mem:          7733       7013        719          0          2       2765
Mem:          7733       7013        719          0          2       2765
Mem:          7733       7013        719          0          2       2765
Mem:          7733       7014        719          0          2       2765
Mem:          7733       7013        719          0          2       2765
Mem:          7733       7273        460          0          2       3018
Mem:          7733       7283        450          0          2       3018
Mem:          7733       7283        450          0          2       3018
Mem:          7733       7281        451          0          2       3018
Mem:          7733       7281        451          0          2       3018
Mem:          7733       7281        451          0          2       3018
Mem:          7733       7281        452          0          2       3018
Mem:          7733       7281        451          0          2       3018
Mem:          7733       7281        451          0          2       3018
Mem:          7733       7281        451          0          2       3018
Mem:          7733       7281        451          0          2       3018
Mem:          7733       7281        451          0          2       3018
Mem:          7733       7281        451          0          2       3018
Mem:          7733       7281        451          0          2       3018
Mem:          7733       7281        452          0          2       3018
Mem:          7733       7281        451          0          2       3018
