Mem:          7733       1337       6396          0          3        440
Mem:          7733       1338       6394          0          3        441
Mem:          7733       1336       6397          0          3        441
Mem:          7733       1336       6397          0          3        441
Mem:          7733       1338       6395          0          3        441
Mem:          7733       1338       6395          0          3        442
Mem:          7733       1338       6395          0          3        442
Mem:          7733       1341       6392          0          3        443
Mem:          7733       1353       6380          0          3        449
Mem:          7733       1388       6344          0          3        462
Mem:          7733       1460       6272          0          3        468
Mem:          7733       1473       6259          0          3        473
Mem:          7733       1492       6241          0          3        483
Mem:          7733       1504       6229          0          3        487
Mem:          7733       1528       6205          0          3        497
Mem:          7733       1550       6183          0          3        505
Mem:          7733       1573       6160          0          3        511
Mem:          7733       1627       6105          0          3        519
Mem:          7733       1690       6043          0          3        525
Mem:          7733       1802       5931          0          3        534
Mem:          7733       1967       5766          0          3        613
Mem:          7733       2092       5640          0          3        648
Mem:          7733       2029       5704          0          3        705
Mem:          7733       2178       5554          0          3        780
Mem:          7733       2339       5394          0          3        861
Mem:          7733       2383       5349          0          3        883
Mem:          7733       2511       5222          0          3        947
Mem:          7733       2654       5078          0          3       1018
Mem:          7733       2808       4925          0          3       1095
Mem:          7733       2949       4784          0          3       1165
Mem:          7733       3091       4642          0          3       1236
Mem:          7733       3099       4633          0          3       1240
Mem:          7733       3261       4471          0          3       1321
Mem:          7733       2675       5058          0          3       1398
Mem:          7733       3226       4507          0          3       1398
Mem:          7733       4101       3632          0          3       1648
Mem:          7733       4167       3566          0          3       1653
Mem:          7733       5079       2653          0          3       1655
Mem:          7733       6023       1710          0          3       1655
Mem:          7733       6032       1700          0          3       1655
Mem:          7733       6110       1623          0          3       1656
Mem:          7733       6127       1606          0          3       1656
Mem:          7733       6129       1604          0          3       1656
Mem:          7733       6129       1603          0          3       1656
Mem:          7733       6131       1602          0          3       1656
Mem:          7733       6140       1593          0          3       1656
Mem:          7733       6462       1270          0          3       1909
Mem:          7733       7325        408          0          3       1909
Mem:          7733       7414        319          0          3       1909
Mem:          7733       7477        255          0          3       1909
Mem:          7733       7476        256          0          3       1909
Mem:          7733       7477        256          0          3       1909
Mem:          7733       7476        256          0          3       1909
Mem:          7733       7485        248          0          3       1909
Mem:          7733       7616        117          0          0       1705
Mem:          7733       7606        126          0          0       1580
Mem:          7733       7608        125          0          0       1580
Mem:          7733       7609        124          0          0       1581
Mem:          7733       7611        122          0          0       1582
Mem:          7733       7612        121          0          0       1583
Mem:          7733       7614        119          0          0       1584
Mem:          7733       7615        117          0          0       1584
Mem:          7733       7617        116          0          0       1585
Mem:          7733       7607        126          0          0       1574
Mem:          7733       7608        124          0          0       1575
Mem:          7733       7609        124          0          0       1575
Mem:          7733       7611        122          0          0       1576
Mem:          7733       7612        120          0          0       1577
Mem:          7733       7613        119          0          0       1577
Mem:          7733       7615        118          0          0       1578
Mem:          7733       7616        117          0          0       1578
Mem:          7733       7617        116          0          0       1579
Mem:          7733       7618        115          0          0       1579
Mem:          7733       7607        126          0          0       1567
Mem:          7733       7608        124          0          0       1568
Mem:          7733       7609        123          0          0       1568
Mem:          7733       7612        121          0          0       1570
Mem:          7733       7613        120          0          0       1570
Mem:          7733       7614        119          0          0       1570
Mem:          7733       7615        117          0          0       1571
Mem:          7733       7617        116          0          0       1572
Mem:          7733       7618        115          0          0       1573
Mem:          7733       7611        122          0          0       1565
Mem:          7733       7607        126          0          0       1561
Mem:          7733       7608        125          0          0       1561
Mem:          7733       7609        123          0          0       1562
Mem:          7733       7610        123          0          0       1562
Mem:          7733       7612        121          0          0       1563
Mem:          7733       7613        119          0          0       1564
Mem:          7733       7615        118          0          0       1564
Mem:          7733       7615        118          0          0       1564
Mem:          7733       7616        117          0          0       1565
Mem:          7733       7618        115          0          0       1566
Mem:          7733       7607        126          0          0       1554
Mem:          7733       7608        125          0          0       1554
Mem:          7733       7608        125          0          0       1555
Mem:          7733       7610        123          0          0       1555
Mem:          7733       7611        122          0          0       1556
Mem:          7733       7611        121          0          0       1556
Mem:          7733       7612        121          0          0       1556
Mem:          7733       7613        120          0          0       1557
Mem:          7733       7614        118          0          0       1557
Mem:          7733       7615        118          0          0       1558
Mem:          7733       7617        115          0          0       1559
Mem:          7733       7618        115          0          0       1559
Mem:          7733       7607        126          0          0       1548
Mem:          7733       7609        124          0          0       1548
Mem:          7733       7609        123          0          0       1549
Mem:          7733       7610        123          0          0       1549
Mem:          7733       7612        121          0          0       1550
Mem:          7733       7613        119          0          0       1551
Mem:          7733       7613        119          0          0       1532
Mem:          7733       7607        125          0          0       1461
Mem:          7733       7614        118          0          0       1391
Mem:          7733       7603        129          0          0       1305
Mem:          7733       7604        129          0          0       1233
Mem:          7733       7618        114          0          0       1184
Mem:          7733       7614        119          0          0       1100
Mem:          7733       7612        121          0          0       1016
Mem:          7733       7615        118          0          0        934
Mem:          7733       6877        856          0          0        850
Mem:          7733       7018        714          0          0        920
Mem:          7733       7181        552          0          0       1001
Mem:          7733       7344        389          0          0       1083
Mem:          7733       7483        250          0          0       1153
Mem:          7733       7611        121          0          0       1210
Mem:          7733       7609        124          0          0       1133
Mem:          7733       7612        121          0          0       1053
Mem:          7733       7615        117          0          0        979
Mem:          7733       7611        122          0          0        890
Mem:          7733       6915        818          0          0        870
Mem:          7733       7078        655          0          0        952
Mem:          7733       7231        502          0          0       1028
Mem:          7733       7408        325          0          0       1105
Mem:          7733       7607        126          0          0       1164
Mem:          7733       7609        123          0          0       1107
Mem:          7733       7612        120          0          0       1037
Mem:          7733       7616        117          0          0        964
Mem:          7733       7610        123          0          0        880
Mem:          7733       7122        611          0          0       1103
Mem:          7733       7122        611          0          0       1104
Mem:          7733       7123        610          0          0       1104
Mem:          7733       7122        610          0          0       1104
Mem:          7733       7124        608          0          0       1105
Mem:          7733       7127        606          0          0       1105
Mem:          7733       7127        605          0          0       1105
Mem:          7733       7127        605          0          0       1105
Mem:          7733       7387        346          0          0       1359
Mem:          7733       7450        282          0          0       1359
Mem:          7733       7451        281          0          0       1359
Mem:          7733       7451        282          0          0       1359
Mem:          7733       7450        282          0          0       1359
Mem:          7733       7450        282          0          0       1359
Mem:          7733       7451        282          0          0       1359
Mem:          7733       7450        282          0          0       1359
Mem:          7733       7611        122          0          0       1476
Mem:          7733       7608        124          0          0       1475
Mem:          7733       7608        124          0          0       1475
Mem:          7733       7608        124          0          0       1475
Mem:          7733       7609        124          0          0       1475
Mem:          7733       7610        122          0          0       1476
Mem:          7733       7607        125          0          0       1466
Mem:          7733       7605        128          0          0       1449
Mem:          7733       7609        123          0          0       1403
Mem:          7733       7611        121          0          0       1338
Mem:          7733       7612        121          0          0       1269
Mem:          7733       7607        125          0          0       1250
Mem:          7733       7608        124          0          0       1250
Mem:          7733       7609        124          0          0       1250
Mem:          7733       7608        124          0          0       1251
Mem:          7733       7609        124          0          0       1251
Mem:          7733       7610        122          0          0       1252
Mem:          7733       7611        121          0          0       1252
Mem:          7733       7613        120          0          0       1253
Mem:          7733       7614        119          0          0       1253
Mem:          7733       7614        118          0          0       1254
Mem:          7733       7615        118          0          0       1254
Mem:          7733       7616        116          0          0       1255
Mem:          7733       7618        115          0          0       1255
Mem:          7733       7609        124          0          0       1245
Mem:          7733       7609        124          0          0       1245
Mem:          7733       7610        123          0          0       1245
Mem:          7733       7610        122          0          0       1246
Mem:          7733       7612        121          0          0       1246
Mem:          7733       7613        120          0          0       1247
Mem:          7733       7614        119          0          0       1247
Mem:          7733       7614        119          0          0       1247
Mem:          7733       7616        117          0          0       1248
Mem:          7733       7617        116          0          0       1248
Mem:          7733       7609        124          0          0       1239
Mem:          7733       7609        124          0          0       1239
Mem:          7733       7610        122          0          0       1240
Mem:          7733       7612        121          0          0       1241
Mem:          7733       7614        119          0          0       1242
Mem:          7733       7614        118          0          0       1242
Mem:          7733       7615        117          0          0       1242
Mem:          7733       7616        116          0          0       1243
Mem:          7733       7618        114          0          0       1244
Mem:          7733       7609        124          0          0       1234
Mem:          7733       7610        122          0          0       1235
Mem:          7733       7612        121          0          0       1236
Mem:          7733       7613        119          0          0       1236
Mem:          7733       7615        118          0          0       1237
Mem:          7733       7616        116          0          0       1237
Mem:          7733       7618        115          0          0       1238
Mem:          7733       7618        114          0          0       1239
Mem:          7733       7609        123          0          0       1229
Mem:          7733       7610        123          0          0       1229
Mem:          7733       7609        124          0          0       1204
Mem:          7733       7610        122          0          0       1205
Mem:          7733       7612        121          0          0       1205
Mem:          7733       7613        120          0          0       1206
Mem:          7733       7614        119          0          0       1206
Mem:          7733       7614        119          0          0       1206
Mem:          7733       7614        118          0          0       1207
Mem:          7733       7616        117          0          0       1207
Mem:          7733       7617        115          0          0       1208
Mem:          7733       7608        124          0          0       1197
Mem:          7733       7609        124          0          0       1198
Mem:          7733       7610        123          0          0       1198
Mem:          7733       7610        123          0          0       1199
Mem:          7733       7612        121          0          0       1199
Mem:          7733       7613        120          0          0       1200
Mem:          7733       7614        119          0          0       1200
Mem:          7733       7615        118          0          0       1201
Mem:          7733       7616        117          0          0       1201
Mem:          7733       7617        116          0          0       1202
Mem:          7733       7618        114          0          0       1202
Mem:          7733       7611        122          0          0       1124
Mem:          7733       7614        118          0          0       1021
Mem:          7733       7608        124          0          0        928
Mem:          7733       7618        115          0          0        853
Mem:          7733       7615        117          0          0        762
Mem:          7733       6965        768          0          0        785
Mem:          7733       7144        588          0          0        875
Mem:          7733       7316        416          0          0        961
Mem:          7733       7462        271          0          0       1034
Mem:          7733       7616        117          0          0       1111
Mem:          7733       7612        121          0          0       1044
Mem:          7733       7608        124          0          0        971
Mem:          7733       7616        116          0          0        917
Mem:          7733       7613        119          0          0        833
Mem:          7733       7611        121          0          0        744
Mem:          7733       7006        727          0          0        811
Mem:          7733       7137        596          0          0        877
Mem:          7733       7268        464          0          0        942
Mem:          7733       7417        316          0          0       1017
Mem:          7733       7583        150          0          0       1101
Mem:          7733       7616        116          0          0       1062
Mem:          7733       7615        118          0          0        994
Mem:          7733       7609        124          0          0        919
Mem:          7733       7611        122          0          0        842
Mem:          7733       7619        114          0          0        770
Mem:          7733       7119        613          0          0        992
Mem:          7733       7149        584          0          0        992
Mem:          7733       7150        583          0          0        992
Mem:          7733       7150        583          0          0        992
Mem:          7733       7149        584          0          0        992
Mem:          7733       7149        584          0          0        992
Mem:          7733       7149        584          0          0        992
Mem:          7733       7149        584          0          0        992
Mem:          7733       7307        426          0          0       1116
Mem:          7733       7307        426          0          0       1116
Mem:          7733       7307        426          0          0       1116
Mem:          7733       7307        426          0          0       1116
Mem:          7733       7307        426          0          0       1116
Mem:          7733       7307        426          0          0       1116
Mem:          7733       7307        426          0          0       1116
Mem:          7733       7307        426          0          0       1116
Mem:          7733       7307        426          0          0       1116
Mem:          7733       7307        426          0          0       1116
Mem:          7733       7306        426          0          0       1116
Mem:          7733       7307        426          0          0       1116
Mem:          7733       7307        426          0          0       1116
Mem:          7733       7307        426          0          0       1116
Mem:          7733       7307        426          0          0       1116
Mem:          7733       7307        426          0          0       1116
Mem:          7733       7307        425          0          0       1116
Mem:          7733       7307        426          0          0       1116
Mem:          7733       7307        426          0          0       1116
Mem:          7733       7307        426          0          0       1116
Mem:          7733       7307        426          0          0       1116
Mem:          7733       7307        426          0          0       1116
Mem:          7733       7307        426          0          0       1116
Mem:          7733       7307        426          0          0       1116
Mem:          7733       7307        426          0          0       1116
Mem:          7733       7307        426          0          0       1116
Mem:          7733       7307        426          0          0       1116
Mem:          7733       7462        270          0          0       1246
Mem:          7733       7464        269          0          0       1246
Mem:          7733       7464        269          0          0       1246
Mem:          7733       7463        269          0          0       1246
Mem:          7733       7463        269          0          0       1246
Mem:          7733       7463        269          0          0       1246
Mem:          7733       7463        269          0          0       1246
Mem:          7733       7555        178          0          0       1304
Mem:          7733       7555        178          0          0       1304
Mem:          7733       7555        178          0          0       1304
Mem:          7733       7555        178          0          0       1304
Mem:          7733       7555        177          0          0       1304
Mem:          7733       7555        177          0          0       1304
Mem:          7733       7555        178          0          0       1304
Mem:          7733       7555        178          0          0       1304
Mem:          7733       7555        178          0          0       1304
Mem:          7733       7555        177          0          0       1304
Mem:          7733       7555        177          0          0       1304
Mem:          7733       7555        177          0          0       1304
Mem:          7733       7556        177          0          0       1304
Mem:          7733       7556        176          0          0       1305
Mem:          7733       7556        176          0          0       1305
Mem:          7733       7556        176          0          0       1305
Mem:          7733       7603        130          0          0       1349
Mem:          7733       7603        130          0          0       1349
Mem:          7733       7603        130          0          0       1349
Mem:          7733       7603        130          0          0       1349
Mem:          7733       7603        130          0          0       1349
Mem:          7733       7603        130          0          0       1349
Mem:          7733       7603        130          0          0       1349
Mem:          7733       7603        130          0          0       1349
Mem:          7733       7603        130          0          0       1349
Mem:          7733       7603        130          0          0       1349
Mem:          7733       7603        130          0          0       1349
Mem:          7733       7603        130          0          0       1349
Mem:          7733       7603        130          0          0       1349
Mem:          7733       7603        130          0          0       1349
Mem:          7733       7603        130          0          0       1349
Mem:          7733       7603        130          0          0       1349
Mem:          7733       7600        132          0          0       1349
Mem:          7733       7600        132          0          0       1349
Mem:          7733       7600        132          0          0       1349
Mem:          7733       7600        132          0          0       1349
Mem:          7733       7601        132          0          0       1349
Mem:          7733       7601        132          0          0       1349
Mem:          7733       7594        138          0          0       1345
Mem:          7733       7607        126          0          0       1357
Mem:          7733       7607        126          0          0       1357
Mem:          7733       7607        126          0          0       1357
Mem:          7733       7615        118          0          0       1364
Mem:          7733       7615        118          0          0       1364
Mem:          7733       7606        127          0          0       1356
Mem:          7733       7606        127          0          0       1356
Mem:          7733       6750        982          0          0       1359
Mem:          7733       6758        975          0          0       1367
Mem:          7733       6621       1112          0          1       1369
Mem:          7733       5529       2203          0          1        306
Mem:          7733       1194       6538          0          2        309
Mem:          7733       1194       6538          0          2        310
Mem:          7733       1194       6538          0          2        310
Mem:          7733       1194       6538          0          2        310
Mem:          7733       1194       6538          0          2        310
Mem:          7733       1194       6538          0          2        310
Mem:          7733       1194       6538          0          2        310
Mem:          7733       1194       6538          0          2        310
Mem:          7733       1194       6538          0          2        310
Mem:          7733       1194       6539          0          2        310
Mem:          7733       1194       6538          0          2        310
Mem:          7733       1194       6538          0          2        310
Mem:          7733       1195       6538          0          2        311
Mem:          7733       1195       6538          0          2        311
Mem:          7733       1195       6538          0          2        311
Mem:          7733       1195       6538          0          2        311
Mem:          7733       1195       6538          0          2        311
