Mem:          7733       1096       6637          0          2        219
Mem:          7733       2628       5104          0          2       1755
Mem:          7733       2628       5104          0          2       1755
Mem:          7733       2628       5105          0          2       1755
Mem:          7733       2630       5103          0          2       1755
Mem:          7733       2628       5105          0          2       1755
Mem:          7733       2637       5096          0          2       1755
Mem:          7733       2637       5095          0          2       1755
Mem:          7733       2637       5096          0          2       1755
Mem:          7733       2682       5050          0          2       1755
Mem:          7733       2787       4946          0          2       1755
Mem:          7733       2846       4886          0          2       1755
Mem:          7733       2931       4802          0          2       1755
Mem:          7733       3149       4584          0          2       1755
Mem:          7733       3305       4427          0          2       1755
Mem:          7733       3084       4648          0          2       1755
Mem:          7733       3638       4095          0          2       1755
Mem:          7733       4496       3237          0          2       2005
Mem:          7733       5584       2149          0          2       2009
Mem:          7733       6366       1367          0          2       2009
Mem:          7733       6366       1366          0          2       2009
Mem:          7733       6367       1365          0          2       2009
Mem:          7733       6399       1333          0          2       2009
Mem:          7733       6404       1329          0          2       2009
Mem:          7733       6404       1329          0          2       2009
Mem:          7733       6406       1327          0          2       2009
Mem:          7733       6414       1318          0          2       2009
Mem:          7733       6703       1030          0          2       2262
Mem:          7733       7455        278          0          2       2262
Mem:          7733       7602        131          0          1       2157
Mem:          7733       7602        131          0          1       2157
Mem:          7733       7601        132          0          1       2157
Mem:          7733       7601        132          0          1       2157
Mem:          7733       7601        132          0          1       2157
Mem:          7733       7610        123          0          1       2157
Mem:          7733       7588        144          0          1       2114
Mem:          7733       7615        118          0          1       1692
Mem:          7733       7599        134          0          0       1591
Mem:          7733       7599        133          0          0       1591
Mem:          7733       7600        133          0          0       1592
Mem:          7733       7599        133          0          0       1592
Mem:          7733       7600        133          0          0       1592
Mem:          7733       7605        128          0          0       1597
Mem:          7733       7605        127          0          0       1597
Mem:          7733       7590        142          0          0       1282
Mem:          7733       7610        123          0          0       1132
Mem:          7733       7615        118          0          0       1024
Mem:          7733       7599        133          0          0        909
Mem:          7733       7003        729          0          0        953
Mem:          7733       7226        506          0          0       1064
Mem:          7733       7440        293          0          0       1171
Mem:          7733       7599        134          0          0       1223
Mem:          7733       7608        125          0          0       1115
Mem:          7733       7606        127          0          0        998
Mem:          7733       7599        134          0          0        887
Mem:          7733       7041        692          0          0        964
Mem:          7733       7273        460          0          0       1080
Mem:          7733       7500        233          0          0       1193
Mem:          7733       7612        120          0          0       1199
Mem:          7733       7582        151          0          0       1052
Mem:          7733       7615        118          0          0        970
Mem:          7733       7031        702          0          0       1043
Mem:          7733       7124        608          0          0       1139
Mem:          7733       7126        607          0          0       1139
Mem:          7733       7126        607          0          0       1139
Mem:          7733       7125        608          0          0       1139
Mem:          7733       7125        607          0          0       1140
Mem:          7733       7126        607          0          0       1140
Mem:          7733       7128        605          0          0       1142
Mem:          7733       7290        443          0          0       1299
Mem:          7733       7528        205          0          0       1395
Mem:          7733       7538        194          0          0       1395
Mem:          7733       7542        190          0          0       1398
Mem:          7733       7542        190          0          0       1398
Mem:          7733       7542        191          0          0       1399
Mem:          7733       7542        191          0          0       1399
Mem:          7733       7542        191          0          0       1399
Mem:          7733       7542        191          0          0       1399
Mem:          7733       7582        151          0          0       1434
Mem:          7733       7583        149          0          0       1434
Mem:          7733       7583        149          0          0       1434
Mem:          7733       7583        150          0          0       1434
Mem:          7733       7583        150          0          0       1434
Mem:          7733       7583        150          0          0       1434
Mem:          7733       7583        150          0          0       1434
Mem:          7733       7618        114          0          0       1404
Mem:          7733       7617        116          0          0       1268
Mem:          7733       7616        116          0          0       1152
Mem:          7733       7613        120          0          0       1043
Mem:          7733       7615        118          0          0        935
Mem:          7733       7610        123          0          0        822
Mem:          7733       6884        848          0          0        734
Mem:          7733       7123        610          0          0        854
Mem:          7733       7346        386          0          0        965
Mem:          7733       7566        167          0          0       1075
Mem:          7733       7615        118          0          0       1014
Mem:          7733       7612        121          0          0        904
Mem:          7733       7617        116          0          0        805
Mem:          7733       6944        788          0          0        772
Mem:          7733       7155        577          0          0        877
Mem:          7733       7384        348          0          0        992
Mem:          7733       7608        125          0          0       1104
Mem:          7733       7611        122          0          0        996
Mem:          7733       7614        119          0          0        887
Mem:          7733       7618        115          0          0        778
Mem:          7733       7127        606          0          0        977
Mem:          7733       7133        600          0          0        980
Mem:          7733       7135        598          0          0        980
Mem:          7733       7134        598          0          0        980
Mem:          7733       7133        599          0          0        980
Mem:          7733       7133        599          0          0        980
Mem:          7733       7133        599          0          0        980
Mem:          7733       7134        599          0          0        980
Mem:          7733       7398        335          0          0       1234
Mem:          7733       7399        333          0          0       1234
Mem:          7733       7399        333          0          0       1234
Mem:          7733       7398        334          0          0       1234
Mem:          7733       7398        334          0          0       1234
Mem:          7733       7398        334          0          0       1234
Mem:          7733       7399        334          0          0       1234
Mem:          7733       7399        334          0          0       1234
Mem:          7733       7602        131          0          0       1430
Mem:          7733       7612        121          0          0       1316
Mem:          7733       7603        129          0          0       1281
Mem:          7733       7603        129          0          0       1281
Mem:          7733       7602        130          0          0       1282
Mem:          7733       7603        130          0          0       1282
Mem:          7733       7603        130          0          0       1282
Mem:          7733       7603        130          0          0       1282
Mem:          7733       7607        125          0          0       1284
Mem:          7733       7618        114          0          0       1290
Mem:          7733       7610        123          0          0       1278
Mem:          7733       7616        117          0          0       1281
Mem:          7733       7605        128          0          0       1266
Mem:          7733       7618        114          0          0       1173
Mem:          7733       7616        117          0          0       1060
Mem:          7733       7612        121          0          0        944
Mem:          7733       7606        127          0          0        832
Mem:          7733       7618        115          0          0        731
Mem:          7733       7617        116          0          0        623
Mem:          7733       5964       1769          0          0        561
Mem:          7733       5971       1762          0          0        568
Mem:          7733       1660       6073          0          1        222
Mem:          7733       1073       6659          0          1        226
Mem:          7733       1073       6659          0          1        226
Mem:          7733       1073       6659          0          1        226
Mem:          7733       1074       6659          0          1        226
Mem:          7733       1074       6659          0          1        226
Mem:          7733       1073       6659          0          1        226
Mem:          7733       1073       6659          0          1        226
Mem:          7733       1073       6659          0          1        226
Mem:          7733       1073       6659          0          1        226
Mem:          7733       1073       6659          0          1        226
Mem:          7733       1073       6659          0          1        226
Mem:          7733       1073       6659          0          1        226
